<?xml version="1.0" encoding="UTF-8"?>
<testsuite xmlns:xsi="http://www.w3.org/2001/XMLSchema-instance" xsi:noNamespaceSchemaLocation="https://maven.apache.org/surefire/maven-surefire-plugin/xsd/surefire-test-report-3.0.xsd" version="3.0" name="examples.ExamplesTest" time="10.217" tests="1" errors="0" skipped="0" failures="0">
  <properties>
    <property name="sun.desktop" value="windows"/>
    <property name="awt.toolkit" value="sun.awt.windows.WToolkit"/>
    <property name="file.encoding.pkg" value="sun.io"/>
    <property name="java.specification.version" value="1.8"/>
    <property name="sun.cpu.isalist" value="amd64"/>
    <property name="sun.jnu.encoding" value="Cp1252"/>
    <property name="java.class.path" value="C:\Users\Elris\Music\karate-curso\karateUdemy\target\test-classes;C:\Users\Elris\Music\karate-curso\karateUdemy\target\classes;C:\Users\Elris\.m2\repository\com\intuit\karate\karate-junit5\1.1.0\karate-junit5-1.1.0.jar;C:\Users\Elris\.m2\repository\com\intuit\karate\karate-core\1.1.0\karate-core-1.1.0.jar;C:\Users\Elris\.m2\repository\org\graalvm\js\js-scriptengine\21.2.0\js-scriptengine-21.2.0.jar;C:\Users\Elris\.m2\repository\org\graalvm\sdk\graal-sdk\21.2.0\graal-sdk-21.2.0.jar;C:\Users\Elris\.m2\repository\org\graalvm\js\js\21.2.0\js-21.2.0.jar;C:\Users\Elris\.m2\repository\org\graalvm\regex\regex\21.2.0\regex-21.2.0.jar;C:\Users\Elris\.m2\repository\org\graalvm\truffle\truffle-api\21.2.0\truffle-api-21.2.0.jar;C:\Users\Elris\.m2\repository\com\ibm\icu\icu4j\69.1\icu4j-69.1.jar;C:\Users\Elris\.m2\repository\ch\qos\logback\logback-classic\1.2.3\logback-classic-1.2.3.jar;C:\Users\Elris\.m2\repository\ch\qos\logback\logback-core\1.2.3\logback-core-1.2.3.jar;C:\Users\Elris\.m2\repository\org\slf4j\jcl-over-slf4j\1.7.25\jcl-over-slf4j-1.7.25.jar;C:\Users\Elris\.m2\repository\com\jayway\jsonpath\json-path\2.6.0\json-path-2.6.0.jar;C:\Users\Elris\.m2\repository\net\minidev\json-smart\2.4.7\json-smart-2.4.7.jar;C:\Users\Elris\.m2\repository\net\minidev\accessors-smart\2.4.7\accessors-smart-2.4.7.jar;C:\Users\Elris\.m2\repository\org\ow2\asm\asm\9.1\asm-9.1.jar;C:\Users\Elris\.m2\repository\info\cukes\cucumber-java\1.2.5\cucumber-java-1.2.5.jar;C:\Users\Elris\.m2\repository\info\cukes\cucumber-core\1.2.5\cucumber-core-1.2.5.jar;C:\Users\Elris\.m2\repository\org\yaml\snakeyaml\1.29\snakeyaml-1.29.jar;C:\Users\Elris\.m2\repository\de\siegmar\fastcsv\2.0.0\fastcsv-2.0.0.jar;C:\Users\Elris\.m2\repository\info\picocli\picocli\4.6.1\picocli-4.6.1.jar;C:\Users\Elris\.m2\repository\org\junit\jupiter\junit-jupiter-api\5.7.2\junit-jupiter-api-5.7.2.jar;C:\Users\Elris\.m2\repository\org\apiguardian\apiguardian-api\1.1.0\apiguardian-api-1.1.0.jar;C:\Users\Elris\.m2\repository\org\opentest4j\opentest4j\1.2.0\opentest4j-1.2.0.jar;C:\Users\Elris\.m2\repository\org\junit\platform\junit-platform-commons\1.7.2\junit-platform-commons-1.7.2.jar;C:\Users\Elris\.m2\repository\org\junit\jupiter\junit-jupiter-engine\5.7.2\junit-jupiter-engine-5.7.2.jar;C:\Users\Elris\.m2\repository\org\junit\platform\junit-platform-engine\1.7.2\junit-platform-engine-1.7.2.jar;C:\Users\Elris\.m2\repository\com\github\javafaker\javafaker\1.0.2\javafaker-1.0.2.jar;C:\Users\Elris\.m2\repository\org\apache\commons\commons-lang3\3.5\commons-lang3-3.5.jar;C:\Users\Elris\.m2\repository\org\yaml\snakeyaml\1.23\snakeyaml-1.23-android.jar;C:\Users\Elris\.m2\repository\com\github\mifmif\generex\1.0.2\generex-1.0.2.jar;C:\Users\Elris\.m2\repository\dk\brics\automaton\automaton\1.11-8\automaton-1.11-8.jar;C:\Users\Elris\.m2\repository\net\masterthought\cucumber-reporting\5.3.0\cucumber-reporting-5.3.0.jar;C:\Users\Elris\.m2\repository\com\fasterxml\jackson\core\jackson-databind\2.10.1\jackson-databind-2.10.1.jar;C:\Users\Elris\.m2\repository\com\fasterxml\jackson\core\jackson-annotations\2.10.1\jackson-annotations-2.10.1.jar;C:\Users\Elris\.m2\repository\com\fasterxml\jackson\core\jackson-core\2.10.1\jackson-core-2.10.1.jar;C:\Users\Elris\.m2\repository\com\fasterxml\jackson\datatype\jackson-datatype-jsr310\2.10.1\jackson-datatype-jsr310-2.10.1.jar;C:\Users\Elris\.m2\repository\org\apache\velocity\velocity-engine-core\2.1\velocity-engine-core-2.1.jar;C:\Users\Elris\.m2\repository\org\slf4j\slf4j-api\1.7.26\slf4j-api-1.7.26.jar;C:\Users\Elris\.m2\repository\commons-collections\commons-collections\3.2.2\commons-collections-3.2.2.jar;C:\Users\Elris\.m2\repository\joda-time\joda-time\2.10.5\joda-time-2.10.5.jar;C:\Users\Elris\.m2\repository\commons-io\commons-io\2.6\commons-io-2.6.jar;C:\Users\Elris\.m2\repository\org\codehaus\plexus\plexus-utils\3.3.0\plexus-utils-3.3.0.jar;C:\Users\Elris\.m2\repository\org\jsoup\jsoup\1.12.1\jsoup-1.12.1.jar;C:\Users\Elris\.m2\repository\com\googlecode\owasp-java-html-sanitizer\owasp-java-html-sanitizer\20191001.1\owasp-java-html-sanitizer-20191001.1.jar;C:\Users\Elris\.m2\repository\com\google\guava\guava\27.1-jre\guava-27.1-jre.jar;C:\Users\Elris\.m2\repository\com\google\guava\failureaccess\1.0.1\failureaccess-1.0.1.jar;C:\Users\Elris\.m2\repository\com\google\guava\listenablefuture\9999.0-empty-to-avoid-conflict-with-guava\listenablefuture-9999.0-empty-to-avoid-conflict-with-guava.jar;C:\Users\Elris\.m2\repository\com\google\code\findbugs\jsr305\3.0.2\jsr305-3.0.2.jar;C:\Users\Elris\.m2\repository\org\checkerframework\checker-qual\2.5.2\checker-qual-2.5.2.jar;C:\Users\Elris\.m2\repository\com\google\errorprone\error_prone_annotations\2.2.0\error_prone_annotations-2.2.0.jar;C:\Users\Elris\.m2\repository\com\google\j2objc\j2objc-annotations\1.1\j2objc-annotations-1.1.jar;C:\Users\Elris\.m2\repository\org\codehaus\mojo\animal-sniffer-annotations\1.17\animal-sniffer-annotations-1.17.jar;C:\Users\Elris\.m2\repository\commons-configuration\commons-configuration\1.10\commons-configuration-1.10.jar;C:\Users\Elris\.m2\repository\commons-lang\commons-lang\2.6\commons-lang-2.6.jar;C:\Users\Elris\.m2\repository\commons-logging\commons-logging\1.1.1\commons-logging-1.1.1.jar;C:\Users\Elris\.m2\repository\com\intuit\karate\karate-gatling\1.1.0\karate-gatling-1.1.0.jar;C:\Users\Elris\.m2\repository\io\gatling\highcharts\gatling-charts-highcharts\3.6.0\gatling-charts-highcharts-3.6.0.jar;C:\Users\Elris\.m2\repository\org\scala-lang\scala-library\2.13.6\scala-library-2.13.6.jar;C:\Users\Elris\.m2\repository\io\gatling\gatling-app\3.6.0\gatling-app-3.6.0.jar;C:\Users\Elris\.m2\repository\io\gatling\gatling-core\3.6.0\gatling-core-3.6.0.jar;C:\Users\Elris\.m2\repository\io\gatling\gatling-commons\3.6.0\gatling-commons-3.6.0.jar;C:\Users\Elris\.m2\repository\io\gatling\gatling-commons-shared\3.6.0\gatling-commons-shared-3.6.0.jar;C:\Users\Elris\.m2\repository\org\scala-lang\scala-reflect\2.13.6\scala-reflect-2.13.6.jar;C:\Users\Elris\.m2\repository\io\suzaku\boopickle_2.13\1.3.3\boopickle_2.13-1.3.3.jar;C:\Users\Elris\.m2\repository\io\gatling\gatling-commons-shared-unstable\3.6.0\gatling-commons-shared-unstable-3.6.0.jar;C:\Users\Elris\.m2\repository\org\typelevel\spire-macros_2.13\0.17.0\spire-macros_2.13-0.17.0.jar;C:\Users\Elris\.m2\repository\com\typesafe\scala-logging\scala-logging_2.13\3.9.3\scala-logging_2.13-3.9.3.jar;C:\Users\Elris\.m2\repository\io\gatling\gatling-jsonpath\3.6.0\gatling-jsonpath-3.6.0.jar;C:\Users\Elris\.m2\repository\com\typesafe\akka\akka-slf4j_2.13\2.6.14\akka-slf4j_2.13-2.6.14.jar;C:\Users\Elris\.m2\repository\org\simpleflatmapper\lightning-csv\8.2.3\lightning-csv-8.2.3.jar;C:\Users\Elris\.m2\repository\org\simpleflatmapper\sfm-util\8.2.3\sfm-util-8.2.3.jar;C:\Users\Elris\.m2\repository\com\github\ben-manes\caffeine\caffeine\2.9.1\caffeine-2.9.1.jar;C:\Users\Elris\.m2\repository\io\pebbletemplates\pebble\3.1.5\pebble-3.1.5.jar;C:\Users\Elris\.m2\repository\org\unbescape\unbescape\1.1.6.RELEASE\unbescape-1.1.6.RELEASE.jar;C:\Users\Elris\.m2\repository\org\scala-lang\modules\scala-parser-combinators_2.13\2.0.0\scala-parser-combinators_2.13-2.0.0.jar;C:\Users\Elris\.m2\repository\com\github\scopt\scopt_2.13\3.7.1\scopt_2.13-3.7.1.jar;C:\Users\Elris\.m2\repository\io\netty\netty-handler\4.1.64.Final\netty-handler-4.1.64.Final.jar;C:\Users\Elris\.m2\repository\io\netty\netty-common\4.1.64.Final\netty-common-4.1.64.Final.jar;C:\Users\Elris\.m2\repository\io\netty\netty-resolver\4.1.64.Final\netty-resolver-4.1.64.Final.jar;C:\Users\Elris\.m2\repository\io\netty\netty-buffer\4.1.64.Final\netty-buffer-4.1.64.Final.jar;C:\Users\Elris\.m2\repository\io\netty\netty-transport\4.1.64.Final\netty-transport-4.1.64.Final.jar;C:\Users\Elris\.m2\repository\io\netty\netty-codec\4.1.64.Final\netty-codec-4.1.64.Final.jar;C:\Users\Elris\.m2\repository\com\softwaremill\quicklens\quicklens_2.13\1.7.2\quicklens_2.13-1.7.2.jar;C:\Users\Elris\.m2\repository\net\sf\saxon\Saxon-HE\10.5\Saxon-HE-10.5.jar;C:\Users\Elris\.m2\repository\org\jodd\jodd-lagarto\6.0.5\jodd-lagarto-6.0.5.jar;C:\Users\Elris\.m2\repository\org\jodd\jodd-util\6.0.1\jodd-util-6.0.1.jar;C:\Users\Elris\.m2\repository\io\burt\jmespath-jackson\0.5.0\jmespath-jackson-0.5.0.jar;C:\Users\Elris\.m2\repository\io\burt\jmespath-core\0.5.0\jmespath-core-0.5.0.jar;C:\Users\Elris\.m2\repository\io\gatling\gatling-http\3.6.0\gatling-http-3.6.0.jar;C:\Users\Elris\.m2\repository\io\gatling\gatling-http-client\3.6.0\gatling-http-client-3.6.0.jar;C:\Users\Elris\.m2\repository\io\gatling\gatling-netty-util\3.6.0\gatling-netty-util-3.6.0.jar;C:\Users\Elris\.m2\repository\io\netty\netty-handler-proxy\4.1.64.Final\netty-handler-proxy-4.1.64.Final.jar;C:\Users\Elris\.m2\repository\io\netty\netty-codec-socks\4.1.64.Final\netty-codec-socks-4.1.64.Final.jar;C:\Users\Elris\.m2\repository\io\netty\netty-resolver-dns\4.1.64.Final\netty-resolver-dns-4.1.64.Final.jar;C:\Users\Elris\.m2\repository\io\netty\netty-codec-dns\4.1.64.Final\netty-codec-dns-4.1.64.Final.jar;C:\Users\Elris\.m2\repository\io\netty\netty-transport-native-epoll\4.1.64.Final\netty-transport-native-epoll-4.1.64.Final-linux-x86_64.jar;C:\Users\Elris\.m2\repository\io\netty\netty-transport-native-unix-common\4.1.64.Final\netty-transport-native-unix-common-4.1.64.Final.jar;C:\Users\Elris\.m2\repository\io\netty\netty-codec-http2\4.1.64.Final\netty-codec-http2-4.1.64.Final.jar;C:\Users\Elris\.m2\repository\io\netty\netty-tcnative-boringssl-static\2.0.39.Final\netty-tcnative-boringssl-static-2.0.39.Final.jar;C:\Users\Elris\.m2\repository\com\aayushatharva\brotli4j\brotli4j\1.4.2\brotli4j-1.4.2.jar;C:\Users\Elris\.m2\repository\com\aayushatharva\brotli4j\native-linux-x86_64\1.4.2\native-linux-x86_64-1.4.2.jar;C:\Users\Elris\.m2\repository\com\aayushatharva\brotli4j\native-linux-aarch64\1.4.2\native-linux-aarch64-1.4.2.jar;C:\Users\Elris\.m2\repository\com\aayushatharva\brotli4j\native-osx-x86_64\1.4.2\native-osx-x86_64-1.4.2.jar;C:\Users\Elris\.m2\repository\com\aayushatharva\brotli4j\native-windows-x86_64\1.4.2\native-windows-x86_64-1.4.2.jar;C:\Users\Elris\.m2\repository\io\gatling\gatling-jms\3.6.0\gatling-jms-3.6.0.jar;C:\Users\Elris\.m2\repository\javax\jms\javax.jms-api\2.0.1\javax.jms-api-2.0.1.jar;C:\Users\Elris\.m2\repository\com\eatthepath\fast-uuid\0.1\fast-uuid-0.1.jar;C:\Users\Elris\.m2\repository\io\gatling\gatling-jdbc\3.6.0\gatling-jdbc-3.6.0.jar;C:\Users\Elris\.m2\repository\io\gatling\gatling-redis\3.6.0\gatling-redis-3.6.0.jar;C:\Users\Elris\.m2\repository\net\debasishg\redisclient_2.13\3.30\redisclient_2.13-3.30.jar;C:\Users\Elris\.m2\repository\org\apache\commons\commons-pool2\2.8.0\commons-pool2-2.8.0.jar;C:\Users\Elris\.m2\repository\io\gatling\gatling-graphite\3.6.0\gatling-graphite-3.6.0.jar;C:\Users\Elris\.m2\repository\org\hdrhistogram\HdrHistogram\2.1.12\HdrHistogram-2.1.12.jar;C:\Users\Elris\.m2\repository\io\gatling\gatling-charts\3.6.0\gatling-charts-3.6.0.jar;C:\Users\Elris\.m2\repository\com\tdunning\t-digest\3.1\t-digest-3.1.jar;C:\Users\Elris\.m2\repository\io\gatling\gatling-recorder\3.6.0\gatling-recorder-3.6.0.jar;C:\Users\Elris\.m2\repository\org\scala-lang\modules\scala-swing_2.13\3.0.0\scala-swing_2.13-3.0.0.jar;C:\Users\Elris\.m2\repository\org\bouncycastle\bcpkix-jdk15on\1.68\bcpkix-jdk15on-1.68.jar;C:\Users\Elris\.m2\repository\org\bouncycastle\bcprov-jdk15on\1.68\bcprov-jdk15on-1.68.jar;C:\Users\Elris\.m2\repository\com\typesafe\akka\akka-actor_2.13\2.6.14\akka-actor_2.13-2.6.14.jar;C:\Users\Elris\.m2\repository\com\typesafe\config\1.4.0\config-1.4.0.jar;C:\Users\Elris\.m2\repository\org\scala-lang\modules\scala-java8-compat_2.13\0.9.0\scala-java8-compat_2.13-0.9.0.jar;C:\Users\Elris\.m2\repository\com\microsoft\sqlserver\mssql-jdbc\8.4.1.jre11\mssql-jdbc-8.4.1.jre11.jar;"/>
    <property name="java.vm.vendor" value="Oracle Corporation"/>
    <property name="sun.arch.data.model" value="64"/>
    <property name="user.variant" value=""/>
    <property name="java.vendor.url" value="http://java.oracle.com/"/>
    <property name="user.timezone" value="America/La_Paz"/>
    <property name="java.vm.specification.version" value="1.8"/>
    <property name="os.name" value="Windows 10"/>
    <property name="user.country" value="BR"/>
    <property name="sun.java.launcher" value="SUN_STANDARD"/>
    <property name="sun.boot.library.path" value="C:\Program Files\Java\jdk1.8.0_202\jre\bin"/>
    <property name="sun.java.command" value="C:\Users\Elris\AppData\Local\Temp\surefire9203969828958779482\surefirebooter-20240917005722658_3.jar C:\Users\Elris\AppData\Local\Temp\surefire9203969828958779482 2024-09-17T00-57-22_423-jvmRun1 surefire-20240917005722658_1tmp surefire_0-20240917005722658_2tmp"/>
    <property name="surefire.test.class.path" value="C:\Users\Elris\Music\karate-curso\karateUdemy\target\test-classes;C:\Users\Elris\Music\karate-curso\karateUdemy\target\classes;C:\Users\Elris\.m2\repository\com\intuit\karate\karate-junit5\1.1.0\karate-junit5-1.1.0.jar;C:\Users\Elris\.m2\repository\com\intuit\karate\karate-core\1.1.0\karate-core-1.1.0.jar;C:\Users\Elris\.m2\repository\org\graalvm\js\js-scriptengine\21.2.0\js-scriptengine-21.2.0.jar;C:\Users\Elris\.m2\repository\org\graalvm\sdk\graal-sdk\21.2.0\graal-sdk-21.2.0.jar;C:\Users\Elris\.m2\repository\org\graalvm\js\js\21.2.0\js-21.2.0.jar;C:\Users\Elris\.m2\repository\org\graalvm\regex\regex\21.2.0\regex-21.2.0.jar;C:\Users\Elris\.m2\repository\org\graalvm\truffle\truffle-api\21.2.0\truffle-api-21.2.0.jar;C:\Users\Elris\.m2\repository\com\ibm\icu\icu4j\69.1\icu4j-69.1.jar;C:\Users\Elris\.m2\repository\ch\qos\logback\logback-classic\1.2.3\logback-classic-1.2.3.jar;C:\Users\Elris\.m2\repository\ch\qos\logback\logback-core\1.2.3\logback-core-1.2.3.jar;C:\Users\Elris\.m2\repository\org\slf4j\jcl-over-slf4j\1.7.25\jcl-over-slf4j-1.7.25.jar;C:\Users\Elris\.m2\repository\com\jayway\jsonpath\json-path\2.6.0\json-path-2.6.0.jar;C:\Users\Elris\.m2\repository\net\minidev\json-smart\2.4.7\json-smart-2.4.7.jar;C:\Users\Elris\.m2\repository\net\minidev\accessors-smart\2.4.7\accessors-smart-2.4.7.jar;C:\Users\Elris\.m2\repository\org\ow2\asm\asm\9.1\asm-9.1.jar;C:\Users\Elris\.m2\repository\info\cukes\cucumber-java\1.2.5\cucumber-java-1.2.5.jar;C:\Users\Elris\.m2\repository\info\cukes\cucumber-core\1.2.5\cucumber-core-1.2.5.jar;C:\Users\Elris\.m2\repository\org\yaml\snakeyaml\1.29\snakeyaml-1.29.jar;C:\Users\Elris\.m2\repository\de\siegmar\fastcsv\2.0.0\fastcsv-2.0.0.jar;C:\Users\Elris\.m2\repository\info\picocli\picocli\4.6.1\picocli-4.6.1.jar;C:\Users\Elris\.m2\repository\org\junit\jupiter\junit-jupiter-api\5.7.2\junit-jupiter-api-5.7.2.jar;C:\Users\Elris\.m2\repository\org\apiguardian\apiguardian-api\1.1.0\apiguardian-api-1.1.0.jar;C:\Users\Elris\.m2\repository\org\opentest4j\opentest4j\1.2.0\opentest4j-1.2.0.jar;C:\Users\Elris\.m2\repository\org\junit\platform\junit-platform-commons\1.7.2\junit-platform-commons-1.7.2.jar;C:\Users\Elris\.m2\repository\org\junit\jupiter\junit-jupiter-engine\5.7.2\junit-jupiter-engine-5.7.2.jar;C:\Users\Elris\.m2\repository\org\junit\platform\junit-platform-engine\1.7.2\junit-platform-engine-1.7.2.jar;C:\Users\Elris\.m2\repository\com\github\javafaker\javafaker\1.0.2\javafaker-1.0.2.jar;C:\Users\Elris\.m2\repository\org\apache\commons\commons-lang3\3.5\commons-lang3-3.5.jar;C:\Users\Elris\.m2\repository\org\yaml\snakeyaml\1.23\snakeyaml-1.23-android.jar;C:\Users\Elris\.m2\repository\com\github\mifmif\generex\1.0.2\generex-1.0.2.jar;C:\Users\Elris\.m2\repository\dk\brics\automaton\automaton\1.11-8\automaton-1.11-8.jar;C:\Users\Elris\.m2\repository\net\masterthought\cucumber-reporting\5.3.0\cucumber-reporting-5.3.0.jar;C:\Users\Elris\.m2\repository\com\fasterxml\jackson\core\jackson-databind\2.10.1\jackson-databind-2.10.1.jar;C:\Users\Elris\.m2\repository\com\fasterxml\jackson\core\jackson-annotations\2.10.1\jackson-annotations-2.10.1.jar;C:\Users\Elris\.m2\repository\com\fasterxml\jackson\core\jackson-core\2.10.1\jackson-core-2.10.1.jar;C:\Users\Elris\.m2\repository\com\fasterxml\jackson\datatype\jackson-datatype-jsr310\2.10.1\jackson-datatype-jsr310-2.10.1.jar;C:\Users\Elris\.m2\repository\org\apache\velocity\velocity-engine-core\2.1\velocity-engine-core-2.1.jar;C:\Users\Elris\.m2\repository\org\slf4j\slf4j-api\1.7.26\slf4j-api-1.7.26.jar;C:\Users\Elris\.m2\repository\commons-collections\commons-collections\3.2.2\commons-collections-3.2.2.jar;C:\Users\Elris\.m2\repository\joda-time\joda-time\2.10.5\joda-time-2.10.5.jar;C:\Users\Elris\.m2\repository\commons-io\commons-io\2.6\commons-io-2.6.jar;C:\Users\Elris\.m2\repository\org\codehaus\plexus\plexus-utils\3.3.0\plexus-utils-3.3.0.jar;C:\Users\Elris\.m2\repository\org\jsoup\jsoup\1.12.1\jsoup-1.12.1.jar;C:\Users\Elris\.m2\repository\com\googlecode\owasp-java-html-sanitizer\owasp-java-html-sanitizer\20191001.1\owasp-java-html-sanitizer-20191001.1.jar;C:\Users\Elris\.m2\repository\com\google\guava\guava\27.1-jre\guava-27.1-jre.jar;C:\Users\Elris\.m2\repository\com\google\guava\failureaccess\1.0.1\failureaccess-1.0.1.jar;C:\Users\Elris\.m2\repository\com\google\guava\listenablefuture\9999.0-empty-to-avoid-conflict-with-guava\listenablefuture-9999.0-empty-to-avoid-conflict-with-guava.jar;C:\Users\Elris\.m2\repository\com\google\code\findbugs\jsr305\3.0.2\jsr305-3.0.2.jar;C:\Users\Elris\.m2\repository\org\checkerframework\checker-qual\2.5.2\checker-qual-2.5.2.jar;C:\Users\Elris\.m2\repository\com\google\errorprone\error_prone_annotations\2.2.0\error_prone_annotations-2.2.0.jar;C:\Users\Elris\.m2\repository\com\google\j2objc\j2objc-annotations\1.1\j2objc-annotations-1.1.jar;C:\Users\Elris\.m2\repository\org\codehaus\mojo\animal-sniffer-annotations\1.17\animal-sniffer-annotations-1.17.jar;C:\Users\Elris\.m2\repository\commons-configuration\commons-configuration\1.10\commons-configuration-1.10.jar;C:\Users\Elris\.m2\repository\commons-lang\commons-lang\2.6\commons-lang-2.6.jar;C:\Users\Elris\.m2\repository\commons-logging\commons-logging\1.1.1\commons-logging-1.1.1.jar;C:\Users\Elris\.m2\repository\com\intuit\karate\karate-gatling\1.1.0\karate-gatling-1.1.0.jar;C:\Users\Elris\.m2\repository\io\gatling\highcharts\gatling-charts-highcharts\3.6.0\gatling-charts-highcharts-3.6.0.jar;C:\Users\Elris\.m2\repository\org\scala-lang\scala-library\2.13.6\scala-library-2.13.6.jar;C:\Users\Elris\.m2\repository\io\gatling\gatling-app\3.6.0\gatling-app-3.6.0.jar;C:\Users\Elris\.m2\repository\io\gatling\gatling-core\3.6.0\gatling-core-3.6.0.jar;C:\Users\Elris\.m2\repository\io\gatling\gatling-commons\3.6.0\gatling-commons-3.6.0.jar;C:\Users\Elris\.m2\repository\io\gatling\gatling-commons-shared\3.6.0\gatling-commons-shared-3.6.0.jar;C:\Users\Elris\.m2\repository\org\scala-lang\scala-reflect\2.13.6\scala-reflect-2.13.6.jar;C:\Users\Elris\.m2\repository\io\suzaku\boopickle_2.13\1.3.3\boopickle_2.13-1.3.3.jar;C:\Users\Elris\.m2\repository\io\gatling\gatling-commons-shared-unstable\3.6.0\gatling-commons-shared-unstable-3.6.0.jar;C:\Users\Elris\.m2\repository\org\typelevel\spire-macros_2.13\0.17.0\spire-macros_2.13-0.17.0.jar;C:\Users\Elris\.m2\repository\com\typesafe\scala-logging\scala-logging_2.13\3.9.3\scala-logging_2.13-3.9.3.jar;C:\Users\Elris\.m2\repository\io\gatling\gatling-jsonpath\3.6.0\gatling-jsonpath-3.6.0.jar;C:\Users\Elris\.m2\repository\com\typesafe\akka\akka-slf4j_2.13\2.6.14\akka-slf4j_2.13-2.6.14.jar;C:\Users\Elris\.m2\repository\org\simpleflatmapper\lightning-csv\8.2.3\lightning-csv-8.2.3.jar;C:\Users\Elris\.m2\repository\org\simpleflatmapper\sfm-util\8.2.3\sfm-util-8.2.3.jar;C:\Users\Elris\.m2\repository\com\github\ben-manes\caffeine\caffeine\2.9.1\caffeine-2.9.1.jar;C:\Users\Elris\.m2\repository\io\pebbletemplates\pebble\3.1.5\pebble-3.1.5.jar;C:\Users\Elris\.m2\repository\org\unbescape\unbescape\1.1.6.RELEASE\unbescape-1.1.6.RELEASE.jar;C:\Users\Elris\.m2\repository\org\scala-lang\modules\scala-parser-combinators_2.13\2.0.0\scala-parser-combinators_2.13-2.0.0.jar;C:\Users\Elris\.m2\repository\com\github\scopt\scopt_2.13\3.7.1\scopt_2.13-3.7.1.jar;C:\Users\Elris\.m2\repository\io\netty\netty-handler\4.1.64.Final\netty-handler-4.1.64.Final.jar;C:\Users\Elris\.m2\repository\io\netty\netty-common\4.1.64.Final\netty-common-4.1.64.Final.jar;C:\Users\Elris\.m2\repository\io\netty\netty-resolver\4.1.64.Final\netty-resolver-4.1.64.Final.jar;C:\Users\Elris\.m2\repository\io\netty\netty-buffer\4.1.64.Final\netty-buffer-4.1.64.Final.jar;C:\Users\Elris\.m2\repository\io\netty\netty-transport\4.1.64.Final\netty-transport-4.1.64.Final.jar;C:\Users\Elris\.m2\repository\io\netty\netty-codec\4.1.64.Final\netty-codec-4.1.64.Final.jar;C:\Users\Elris\.m2\repository\com\softwaremill\quicklens\quicklens_2.13\1.7.2\quicklens_2.13-1.7.2.jar;C:\Users\Elris\.m2\repository\net\sf\saxon\Saxon-HE\10.5\Saxon-HE-10.5.jar;C:\Users\Elris\.m2\repository\org\jodd\jodd-lagarto\6.0.5\jodd-lagarto-6.0.5.jar;C:\Users\Elris\.m2\repository\org\jodd\jodd-util\6.0.1\jodd-util-6.0.1.jar;C:\Users\Elris\.m2\repository\io\burt\jmespath-jackson\0.5.0\jmespath-jackson-0.5.0.jar;C:\Users\Elris\.m2\repository\io\burt\jmespath-core\0.5.0\jmespath-core-0.5.0.jar;C:\Users\Elris\.m2\repository\io\gatling\gatling-http\3.6.0\gatling-http-3.6.0.jar;C:\Users\Elris\.m2\repository\io\gatling\gatling-http-client\3.6.0\gatling-http-client-3.6.0.jar;C:\Users\Elris\.m2\repository\io\gatling\gatling-netty-util\3.6.0\gatling-netty-util-3.6.0.jar;C:\Users\Elris\.m2\repository\io\netty\netty-handler-proxy\4.1.64.Final\netty-handler-proxy-4.1.64.Final.jar;C:\Users\Elris\.m2\repository\io\netty\netty-codec-socks\4.1.64.Final\netty-codec-socks-4.1.64.Final.jar;C:\Users\Elris\.m2\repository\io\netty\netty-resolver-dns\4.1.64.Final\netty-resolver-dns-4.1.64.Final.jar;C:\Users\Elris\.m2\repository\io\netty\netty-codec-dns\4.1.64.Final\netty-codec-dns-4.1.64.Final.jar;C:\Users\Elris\.m2\repository\io\netty\netty-transport-native-epoll\4.1.64.Final\netty-transport-native-epoll-4.1.64.Final-linux-x86_64.jar;C:\Users\Elris\.m2\repository\io\netty\netty-transport-native-unix-common\4.1.64.Final\netty-transport-native-unix-common-4.1.64.Final.jar;C:\Users\Elris\.m2\repository\io\netty\netty-codec-http2\4.1.64.Final\netty-codec-http2-4.1.64.Final.jar;C:\Users\Elris\.m2\repository\io\netty\netty-tcnative-boringssl-static\2.0.39.Final\netty-tcnative-boringssl-static-2.0.39.Final.jar;C:\Users\Elris\.m2\repository\com\aayushatharva\brotli4j\brotli4j\1.4.2\brotli4j-1.4.2.jar;C:\Users\Elris\.m2\repository\com\aayushatharva\brotli4j\native-linux-x86_64\1.4.2\native-linux-x86_64-1.4.2.jar;C:\Users\Elris\.m2\repository\com\aayushatharva\brotli4j\native-linux-aarch64\1.4.2\native-linux-aarch64-1.4.2.jar;C:\Users\Elris\.m2\repository\com\aayushatharva\brotli4j\native-osx-x86_64\1.4.2\native-osx-x86_64-1.4.2.jar;C:\Users\Elris\.m2\repository\com\aayushatharva\brotli4j\native-windows-x86_64\1.4.2\native-windows-x86_64-1.4.2.jar;C:\Users\Elris\.m2\repository\io\gatling\gatling-jms\3.6.0\gatling-jms-3.6.0.jar;C:\Users\Elris\.m2\repository\javax\jms\javax.jms-api\2.0.1\javax.jms-api-2.0.1.jar;C:\Users\Elris\.m2\repository\com\eatthepath\fast-uuid\0.1\fast-uuid-0.1.jar;C:\Users\Elris\.m2\repository\io\gatling\gatling-jdbc\3.6.0\gatling-jdbc-3.6.0.jar;C:\Users\Elris\.m2\repository\io\gatling\gatling-redis\3.6.0\gatling-redis-3.6.0.jar;C:\Users\Elris\.m2\repository\net\debasishg\redisclient_2.13\3.30\redisclient_2.13-3.30.jar;C:\Users\Elris\.m2\repository\org\apache\commons\commons-pool2\2.8.0\commons-pool2-2.8.0.jar;C:\Users\Elris\.m2\repository\io\gatling\gatling-graphite\3.6.0\gatling-graphite-3.6.0.jar;C:\Users\Elris\.m2\repository\org\hdrhistogram\HdrHistogram\2.1.12\HdrHistogram-2.1.12.jar;C:\Users\Elris\.m2\repository\io\gatling\gatling-charts\3.6.0\gatling-charts-3.6.0.jar;C:\Users\Elris\.m2\repository\com\tdunning\t-digest\3.1\t-digest-3.1.jar;C:\Users\Elris\.m2\repository\io\gatling\gatling-recorder\3.6.0\gatling-recorder-3.6.0.jar;C:\Users\Elris\.m2\repository\org\scala-lang\modules\scala-swing_2.13\3.0.0\scala-swing_2.13-3.0.0.jar;C:\Users\Elris\.m2\repository\org\bouncycastle\bcpkix-jdk15on\1.68\bcpkix-jdk15on-1.68.jar;C:\Users\Elris\.m2\repository\org\bouncycastle\bcprov-jdk15on\1.68\bcprov-jdk15on-1.68.jar;C:\Users\Elris\.m2\repository\com\typesafe\akka\akka-actor_2.13\2.6.14\akka-actor_2.13-2.6.14.jar;C:\Users\Elris\.m2\repository\com\typesafe\config\1.4.0\config-1.4.0.jar;C:\Users\Elris\.m2\repository\org\scala-lang\modules\scala-java8-compat_2.13\0.9.0\scala-java8-compat_2.13-0.9.0.jar;C:\Users\Elris\.m2\repository\com\microsoft\sqlserver\mssql-jdbc\8.4.1.jre11\mssql-jdbc-8.4.1.jre11.jar;"/>
    <property name="sun.cpu.endian" value="little"/>
    <property name="user.home" value="C:\Users\Elris"/>
    <property name="user.language" value="pt"/>
    <property name="java.specification.vendor" value="Oracle Corporation"/>
    <property name="java.home" value="C:\Program Files\Java\jdk1.8.0_202\jre"/>
    <property name="basedir" value="C:\Users\Elris\Music\karate-curso\karateUdemy"/>
    <property name="file.separator" value="\"/>
    <property name="line.separator" value="&#10;"/>
    <property name="java.vm.specification.vendor" value="Oracle Corporation"/>
    <property name="java.specification.name" value="Java Platform API Specification"/>
    <property name="java.awt.graphicsenv" value="sun.awt.Win32GraphicsEnvironment"/>
    <property name="surefire.real.class.path" value="C:\Users\Elris\AppData\Local\Temp\surefire9203969828958779482\surefirebooter-20240917005722658_3.jar"/>
    <property name="sun.boot.class.path" value="C:\Program Files\Java\jdk1.8.0_202\jre\lib\resources.jar;C:\Program Files\Java\jdk1.8.0_202\jre\lib\rt.jar;C:\Program Files\Java\jdk1.8.0_202\jre\lib\sunrsasign.jar;C:\Program Files\Java\jdk1.8.0_202\jre\lib\jsse.jar;C:\Program Files\Java\jdk1.8.0_202\jre\lib\jce.jar;C:\Program Files\Java\jdk1.8.0_202\jre\lib\charsets.jar;C:\Program Files\Java\jdk1.8.0_202\jre\lib\jfr.jar;C:\Program Files\Java\jdk1.8.0_202\jre\classes"/>
    <property name="user.script" value=""/>
    <property name="sun.management.compiler" value="HotSpot 64-Bit Tiered Compilers"/>
    <property name="java.runtime.version" value="1.8.0_202-b08"/>
    <property name="user.name" value="Elris"/>
    <property name="path.separator" value=";"/>
    <property name="os.version" value="10.0"/>
    <property name="java.endorsed.dirs" value="C:\Program Files\Java\jdk1.8.0_202\jre\lib\endorsed"/>
    <property name="java.runtime.name" value="Java(TM) SE Runtime Environment"/>
    <property name="file.encoding" value="UTF-8"/>
    <property name="java.vm.name" value="Java HotSpot(TM) 64-Bit Server VM"/>
    <property name="localRepository" value="C:\Users\Elris\.m2\repository"/>
    <property name="java.vendor.url.bug" value="http://bugreport.sun.com/bugreport/"/>
    <property name="java.io.tmpdir" value="C:\Users\Elris\AppData\Local\Temp\"/>
    <property name="java.version" value="1.8.0_202"/>
    <property name="user.dir" value="C:\Users\Elris\Music\karate-curso\karateUdemy"/>
    <property name="os.arch" value="amd64"/>
    <property name="java.vm.specification.name" value="Java Virtual Machine Specification"/>
    <property name="java.awt.printerjob" value="sun.awt.windows.WPrinterJob"/>
    <property name="sun.os.patch.level" value=""/>
    <property name="java.library.path" value="C:\Program Files\Java\jdk1.8.0_202\jre\bin;C:\WINDOWS\Sun\Java\bin;C:\WINDOWS\system32;C:\WINDOWS;C:\Users\Elris\Downloads\karate-pacotes\apache-maven-3.9.9-bin\apache-maven-3.9.9\bin;C:\Users\Elris\AppData\Local\Programs\Python\Python310\Scripts\;C:\Users\Elris\AppData\Local\Programs\Python\Python310\;C:\Users\Elris\Programs\Python\Python311\Scripts\;C:\Users\Elris\Programs\Python\Python311\;C:\Users\Elris\AppData\Local\Microsoft\WindowsApps;;C:\Users\Elris\Programs\Microsoft VS Code\bin;C:\Users\Elris\AppData\Roaming\npm;C:\Program Files\JetBrains\IntelliJ IDEA Community Edition 2023.1.7\bin;;."/>
    <property name="java.vm.info" value="mixed mode"/>
    <property name="java.vendor" value="Oracle Corporation"/>
    <property name="java.vm.version" value="25.202-b08"/>
    <property name="java.ext.dirs" value="C:\Program Files\Java\jdk1.8.0_202\jre\lib\ext;C:\WINDOWS\Sun\Java\lib\ext"/>
    <property name="sun.io.unicode.encoding" value="UnicodeLittle"/>
    <property name="java.class.version" value="52.0"/>
  </properties>
  <testcase name="testParallel" classname="examples.ExamplesTest" time="10.188">
    <system-out><![CDATA[00:57:26.745 [main] DEBUG com.intuit.karate.Suite - [config] classpath:karate-config.js
00:57:26.760 [main] INFO  com.intuit.karate.Suite - backed up existing 'target\karate-reports' dir to: target\karate-reports_1726549046757
00:57:29.047 [pool-2-thread-1] INFO  com.intuit.karate - karate.env system property was: null 
00:57:29.048 [pool-2-thread-2] INFO  com.intuit.karate - karate.env system property was: null 
00:57:30.944 [pool-2-thread-1] DEBUG com.intuit.karate - request:
1 > GET https://jsonplaceholder.typicode.com/users
1 > Host: jsonplaceholder.typicode.com
1 > Connection: Keep-Alive
1 > User-Agent: Apache-HttpClient/4.5.13 (Java/1.8.0_202)
1 > Accept-Encoding: gzip,deflate


00:57:30.945 [pool-2-thread-2] DEBUG com.intuit.karate - request:
1 > POST https://jsonplaceholder.typicode.com/users
1 > Content-Type: application/json; charset=UTF-8
1 > Content-Length: 160
1 > Host: jsonplaceholder.typicode.com
1 > Connection: Keep-Alive
1 > User-Agent: Apache-HttpClient/4.5.13 (Java/1.8.0_202)
1 > Accept-Encoding: gzip,deflate
{"name":"Test User","username":"testuser","email":"test@user.com","address":{"street":"Has No Name","suite":"Apt. 123","city":"Electri","zipcode":"54321-6789"}}

00:57:31.611 [pool-2-thread-1] DEBUG com.intuit.karate - response time in milliseconds: 664
1 < 200
1 < Date: Tue, 17 Sep 2024 04:57:31 GMT
1 < Content-Type: application/json; charset=utf-8
1 < Transfer-Encoding: chunked
1 < Connection: keep-alive
1 < Report-To: {"group":"heroku-nel","max_age":3600,"endpoints":[{"url":"https://nel.heroku.com/reports?ts=1715764445&sid=e11707d5-02a7-43ef-b45e-2cf4d2036f7d&s=pBR0RAuv2MFfjJEEEO4hOGJx%2BB%2ByoJHCpY%2BVE4m6FNQ%3D"}]}
1 < Reporting-Endpoints: heroku-nel=https://nel.heroku.com/reports?ts=1715764445&sid=e11707d5-02a7-43ef-b45e-2cf4d2036f7d&s=pBR0RAuv2MFfjJEEEO4hOGJx%2BB%2ByoJHCpY%2BVE4m6FNQ%3D
1 < Nel: {"report_to":"heroku-nel","max_age":3600,"success_fraction":0.005,"failure_fraction":0.05,"response_headers":["Via"]}
1 < X-Powered-By: Express
1 < X-Ratelimit-Limit: 1000
1 < X-Ratelimit-Remaining: 998
1 < X-Ratelimit-Reset: 1715764450
1 < Vary: Origin, Accept-Encoding
1 < Access-Control-Allow-Credentials: true
1 < Cache-Control: max-age=43200
1 < Pragma: no-cache
1 < Expires: -1
1 < X-Content-Type-Options: nosniff
1 < Etag: W/"160d-1eMSsxeJRfnVLRBmYJSbCiJZ1qQ"
1 < Via: 1.1 vegur
1 < CF-Cache-Status: HIT
1 < Age: 9578
1 < Server: cloudflare
1 < CF-RAY: 8c468413ca4903cf-GRU
1 < alt-svc: h3=":443"; ma=86400
[
  {
    "id": 1,
    "name": "Leanne Graham",
    "username": "Bret",
    "email": "Sincere@april.biz",
    "address": {
      "street": "Kulas Light",
      "suite": "Apt. 556",
      "city": "Gwenborough",
      "zipcode": "92998-3874",
      "geo": {
        "lat": "-37.3159",
        "lng": "81.1496"
      }
    },
    "phone": "1-770-736-8031 x56442",
    "website": "hildegard.org",
    "company": {
      "name": "Romaguera-Crona",
      "catchPhrase": "Multi-layered client-server neural-net",
      "bs": "harness real-time e-markets"
    }
  },
  {
    "id": 2,
    "name": "Ervin Howell",
    "username": "Antonette",
    "email": "Shanna@melissa.tv",
    "address": {
      "street": "Victor Plains",
      "suite": "Suite 879",
      "city": "Wisokyburgh",
      "zipcode": "90566-7771",
      "geo": {
        "lat": "-43.9509",
        "lng": "-34.4618"
      }
    },
    "phone": "010-692-6593 x09125",
    "website": "anastasia.net",
    "company": {
      "name": "Deckow-Crist",
      "catchPhrase": "Proactive didactic contingency",
      "bs": "synergize scalable supply-chains"
    }
  },
  {
    "id": 3,
    "name": "Clementine Bauch",
    "username": "Samantha",
    "email": "Nathan@yesenia.net",
    "address": {
      "street": "Douglas Extension",
      "suite": "Suite 847",
      "city": "McKenziehaven",
      "zipcode": "59590-4157",
      "geo": {
        "lat": "-68.6102",
        "lng": "-47.0653"
      }
    },
    "phone": "1-463-123-4447",
    "website": "ramiro.info",
    "company": {
      "name": "Romaguera-Jacobson",
      "catchPhrase": "Face to face bifurcated interface",
      "bs": "e-enable strategic applications"
    }
  },
  {
    "id": 4,
    "name": "Patricia Lebsack",
    "username": "Karianne",
    "email": "Julianne.OConner@kory.org",
    "address": {
      "street": "Hoeger Mall",
      "suite": "Apt. 692",
      "city": "South Elvis",
      "zipcode": "53919-4257",
      "geo": {
        "lat": "29.4572",
        "lng": "-164.2990"
      }
    },
    "phone": "493-170-9623 x156",
    "website": "kale.biz",
    "company": {
      "name": "Robel-Corkery",
      "catchPhrase": "Multi-tiered zero tolerance productivity",
      "bs": "transition cutting-edge web services"
    }
  },
  {
    "id": 5,
    "name": "Chelsey Dietrich",
    "username": "Kamren",
    "email": "Lucio_Hettinger@annie.ca",
    "address": {
      "street": "Skiles Walks",
      "suite": "Suite 351",
      "city": "Roscoeview",
      "zipcode": "33263",
      "geo": {
        "lat": "-31.8129",
        "lng": "62.5342"
      }
    },
    "phone": "(254)954-1289",
    "website": "demarco.info",
    "company": {
      "name": "Keebler LLC",
      "catchPhrase": "User-centric fault-tolerant solution",
      "bs": "revolutionize end-to-end systems"
    }
  },
  {
    "id": 6,
    "name": "Mrs. Dennis Schulist",
    "username": "Leopoldo_Corkery",
    "email": "Karley_Dach@jasper.info",
    "address": {
      "street": "Norberto Crossing",
      "suite": "Apt. 950",
      "city": "South Christy",
      "zipcode": "23505-1337",
      "geo": {
        "lat": "-71.4197",
        "lng": "71.7478"
      }
    },
    "phone": "1-477-935-8478 x6430",
    "website": "ola.org",
    "company": {
      "name": "Considine-Lockman",
      "catchPhrase": "Synchronised bottom-line interface",
      "bs": "e-enable innovative applications"
    }
  },
  {
    "id": 7,
    "name": "Kurtis Weissnat",
    "username": "Elwyn.Skiles",
    "email": "Telly.Hoeger@billy.biz",
    "address": {
      "street": "Rex Trail",
      "suite": "Suite 280",
      "city": "Howemouth",
      "zipcode": "58804-1099",
      "geo": {
        "lat": "24.8918",
        "lng": "21.8984"
      }
    },
    "phone": "210.067.6132",
    "website": "elvis.io",
    "company": {
      "name": "Johns Group",
      "catchPhrase": "Configurable multimedia task-force",
      "bs": "generate enterprise e-tailers"
    }
  },
  {
    "id": 8,
    "name": "Nicholas Runolfsdottir V",
    "username": "Maxime_Nienow",
    "email": "Sherwood@rosamond.me",
    "address": {
      "street": "Ellsworth Summit",
      "suite": "Suite 729",
      "city": "Aliyaview",
      "zipcode": "45169",
      "geo": {
        "lat": "-14.3990",
        "lng": "-120.7677"
      }
    },
    "phone": "586.493.6943 x140",
    "website": "jacynthe.com",
    "company": {
      "name": "Abernathy Group",
      "catchPhrase": "Implemented secondary concept",
      "bs": "e-enable extensible e-tailers"
    }
  },
  {
    "id": 9,
    "name": "Glenna Reichert",
    "username": "Delphine",
    "email": "Chaim_McDermott@dana.io",
    "address": {
      "street": "Dayna Park",
      "suite": "Suite 449",
      "city": "Bartholomebury",
      "zipcode": "76495-3109",
      "geo": {
        "lat": "24.6463",
        "lng": "-168.8889"
      }
    },
    "phone": "(775)976-6794 x41206",
    "website": "conrad.com",
    "company": {
      "name": "Yost and Sons",
      "catchPhrase": "Switchable contextually-based project",
      "bs": "aggregate real-time technologies"
    }
  },
  {
    "id": 10,
    "name": "Clementina DuBuque",
    "username": "Moriah.Stanton",
    "email": "Rey.Padberg@karina.biz",
    "address": {
      "street": "Kattie Turnpike",
      "suite": "Suite 198",
      "city": "Lebsackbury",
      "zipcode": "31428-2261",
      "geo": {
        "lat": "-38.2386",
        "lng": "57.2232"
      }
    },
    "phone": "024-648-3804",
    "website": "ambrose.net",
    "company": {
      "name": "Hoeger LLC",
      "catchPhrase": "Centralized empowering task-force",
      "bs": "target end-to-end models"
    }
  }
]
00:57:31.641 [pool-2-thread-1] DEBUG com.intuit.karate - request:
2 > GET https://jsonplaceholder.typicode.com/users/1
2 > Host: jsonplaceholder.typicode.com
2 > Connection: Keep-Alive
2 > User-Agent: Apache-HttpClient/4.5.13 (Java/1.8.0_202)
2 > Accept-Encoding: gzip,deflate


00:57:31.725 [pool-2-thread-2] DEBUG com.intuit.karate - response time in milliseconds: 779
1 < 201
1 < Date: Tue, 17 Sep 2024 04:57:31 GMT
1 < Content-Type: application/json; charset=utf-8
1 < Content-Length: 216
1 < Connection: keep-alive
1 < Report-To: {"group":"heroku-nel","max_age":3600,"endpoints":[{"url":"https://nel.heroku.com/reports?ts=1726549051&sid=e11707d5-02a7-43ef-b45e-2cf4d2036f7d&s=ryip9nPYRhmSuo14cS%2BCJeoebpfianlJOGoZuKa6MYQ%3D"}]}
1 < Reporting-Endpoints: heroku-nel=https://nel.heroku.com/reports?ts=1726549051&sid=e11707d5-02a7-43ef-b45e-2cf4d2036f7d&s=ryip9nPYRhmSuo14cS%2BCJeoebpfianlJOGoZuKa6MYQ%3D
1 < Nel: {"report_to":"heroku-nel","max_age":3600,"success_fraction":0.005,"failure_fraction":0.05,"response_headers":["Via"]}
1 < X-Powered-By: Express
1 < X-Ratelimit-Limit: 1000
1 < X-Ratelimit-Remaining: 999
1 < X-Ratelimit-Reset: 1726549104
1 < Vary: Origin, X-HTTP-Method-Override, Accept-Encoding
1 < Access-Control-Allow-Credentials: true
1 < Cache-Control: no-cache
1 < Pragma: no-cache
1 < Expires: -1
1 < Access-Control-Expose-Headers: Location
1 < Location: https://jsonplaceholder.typicode.com/users/11
1 < X-Content-Type-Options: nosniff
1 < Etag: W/"d8-pYV7+YuMGP2hxHPU9ARrf97ifDA"
1 < Via: 1.1 vegur
1 < CF-Cache-Status: DYNAMIC
1 < Server: cloudflare
1 < CF-RAY: 8c468413c9531a8b-GRU
1 < alt-svc: h3=":443"; ma=86400
{
  "name": "Test User",
  "username": "testuser",
  "email": "test@user.com",
  "address": {
    "street": "Has No Name",
    "suite": "Apt. 123",
    "city": "Electri",
    "zipcode": "54321-6789"
  },
  "id": 11
}
00:57:31.731 [pool-2-thread-2] INFO  com.intuit.karate - [print] created id is:  11 
00:57:32.002 [pool-2-thread-1] DEBUG com.intuit.karate - response time in milliseconds: 359
2 < 200
2 < Date: Tue, 17 Sep 2024 04:57:31 GMT
2 < Content-Type: application/json; charset=utf-8
2 < Transfer-Encoding: chunked
2 < Connection: keep-alive
2 < Report-To: {"group":"heroku-nel","max_age":3600,"endpoints":[{"url":"https://nel.heroku.com/reports?ts=1718554608&sid=e11707d5-02a7-43ef-b45e-2cf4d2036f7d&s=DzvdivijmXxD6qIYih%2FN2u9dupKTa1VXGArSoyxo9LQ%3D"}]}
2 < Reporting-Endpoints: heroku-nel=https://nel.heroku.com/reports?ts=1718554608&sid=e11707d5-02a7-43ef-b45e-2cf4d2036f7d&s=DzvdivijmXxD6qIYih%2FN2u9dupKTa1VXGArSoyxo9LQ%3D
2 < Nel: {"report_to":"heroku-nel","max_age":3600,"success_fraction":0.005,"failure_fraction":0.05,"response_headers":["Via"]}
2 < X-Powered-By: Express
2 < X-Ratelimit-Limit: 1000
2 < X-Ratelimit-Remaining: 999
2 < X-Ratelimit-Reset: 1718554649
2 < Vary: Origin, Accept-Encoding
2 < Access-Control-Allow-Credentials: true
2 < Cache-Control: max-age=43200
2 < Pragma: no-cache
2 < Expires: -1
2 < X-Content-Type-Options: nosniff
2 < Etag: W/"1fd-+2Y3G3w049iSZtw5t1mzSnunngE"
2 < Via: 1.1 vegur
2 < CF-Cache-Status: HIT
2 < Age: 25763
2 < Server: cloudflare
2 < CF-RAY: 8c4684165847030d-GRU
2 < alt-svc: h3=":443"; ma=86400
{
  "id": 1,
  "name": "Leanne Graham",
  "username": "Bret",
  "email": "Sincere@april.biz",
  "address": {
    "street": "Kulas Light",
    "suite": "Apt. 556",
    "city": "Gwenborough",
    "zipcode": "92998-3874",
    "geo": {
      "lat": "-37.3159",
      "lng": "81.1496"
    }
  },
  "phone": "1-770-736-8031 x56442",
  "website": "hildegard.org",
  "company": {
    "name": "Romaguera-Crona",
    "catchPhrase": "Multi-layered client-server neural-net",
    "bs": "harness real-time e-markets"
  }
}
---------------------------------------------------------
feature: classpath:examples/users/users.feature
scenarios:  2 | passed:  2 | failed:  0 | time: 5,4840
---------------------------------------------------------

00:57:33.711 [pool-3-thread-1] INFO  com.intuit.karate.Suite - <<pass>> feature 1 of 1 (0 remaining) classpath:examples/users/users.feature
Karate version: 1.1.0
======================================================
elapsed:   9,59 | threads:    5 | thread time: 5,48 
features:     1 | skipped:    0 | efficiency: 0,11
scenarios:    2 | passed:     2 | failed: 0
======================================================

HTML report: (paste into browser to view) | Karate version: 1.1.0
file:///C:/Users/Elris/Music/karate-curso/karateUdemy/target/karate-reports/karate-summary.html
===================================================================

]]></system-out>
  </testcase>
</testsuite>